<?xml version="1.0" encoding="UTF-8"?>
<!-- Generated by org.testng.reporters.JUnitReportReporter -->
<testsuite skipped="0" hostname="IABLR-LT155" name="RunnerR.RunCukeR" tests="1" failures="0" timestamp="14 Nov 2019 16:08:21 GMT" time="4.731" errors="0">
  <testcase name="runScenario" time="4.731" classname="RunnerR.RunCukeR"/>
</testsuite> <!-- RunnerR.RunCukeR -->
